         Edinburgh IMP77 Compiler - Version 8.4

   1  {------------------------------------------------------------------------------}
   2      ! returns x ^ y
   3      %external %integer %function impiexp ( %integer y, x)
   4          %integer value;
   5  
   6          %signal 5, 2, y %unless (y >=0);
   7  
   8          value = 1;
   9  
   10          %while (y > 0) %cycle
   11              value = value * x
   12              y = y - 1
   13          %repeat
   14  
   15          %result = value
   16      %end
   17  
   18  {------------------------------------------------------------------------------}
   19  %endoffile

   11 Statements compiled
