         Edinburgh IMP77 Compiler - Version 8.4

   1  {----------------------------------------------------------------------------}
   2      ! Simple trig library functions to demonstrate
   3      ! how to cross-link with the C library functions
   4      ! Copyright 2002 NB Information Limited
   5      !
   6      ! Declare useful trignometry functions
   7      !
   8      %external %long %real %function cosine(%longreal r)
   9  
   10          %external %long %real %fn %spec C Lib Cos %alias "cos" ( %longreal r)
   11  
   12          %if |r| > 30000 %then %signal 10,1,5
   13  
   14          %result = C Lib Cos(r)
   15      %end
   16  
   17  {----------------------------------------------------------------------------}
   18  %endoffile

   6 Statements compiled
