         Edinburgh IMP77 Compiler - Version 8.4

   1  {----------------------------------------------------------------------------}
   2      ! Make sure debug mode is initially switched off
   3      %own %integer debuglevel = 0
   4  
   5      %external %routine Set Debug
   6          debuglevel = dbgprog
   7      %end
   8  
   9      %external %routine Clear Debug
   10          debuglevel = dbgoff
   11      %end
   12  
   13      %external %integer %fn Debug Mode
   14          %result = debuglevel
   15      %end
   16  
   17      %external %routine Set Debug Level( %integer level )
   18          debuglevel = level
   19      %end
   20  
   21  {----------------------------------------------------------------------------}
   22      %external %routine debug space
   23          debugsymbol( ' ' )
   24      %end
   25  
   26      %external %routine debug spaces( %integer count )
   27          %integer i
   28  
   29          %if (count > 0) %start
   30              %for i = 1,1,count %cycle
   31                  debug space
   32              %repeat
   33          %finish
   34      %end
   35  
   36      %external %routine debug string ( %string(255) s )
   37          %integer i
   38  
   39          %for i=1,1,length(s) %cycle
   40              debug symbol( charno(s,i))
   41          %repeat
   42      %end
   43  
   44      %external %routine debug newline
   45          debug symbol( nl )
   46      %end
   47  
   48  {----------------------------------------------------------------------------}
   49  %endoffile

   34 Statements compiled
